<?xml version="1.0" encoding="UTF-8"?>
<testsuite name="VatReturnAssembler" tests="12" skipped="0" failures="0" errors="0" timestamp="2026-02-24T20:54:15" hostname="PF3LW397" time="0.022">
  <properties/>
  <testcase name="empty transaction list → zero-balance draft return (nulindberetning)" classname="com.netcompany.vat.taxengine.VatReturnAssemblerTest" time="0.003"/>
  <testcase name="assembled return links to the period ID" classname="com.netcompany.vat.taxengine.VatReturnAssemblerTest" time="0.001"/>
  <testcase name="assembled return has DRAFT status" classname="com.netcompany.vat.taxengine.VatReturnAssemblerTest" time="0.001"/>
  <testcase name="claimable scenario: reverse charge input exceeds standard output" classname="com.netcompany.vat.taxengine.VatReturnAssemblerTest" time="0.002"/>
  <testcase name="EXEMPT supply (e.g. medical services) → no VAT, populates rubrikC" classname="com.netcompany.vat.taxengine.VatReturnAssemblerTest" time="0.001"/>
  <testcase name="REVERSE_CHARGE populates rubrikA services field" classname="com.netcompany.vat.taxengine.VatReturnAssemblerTest" time="0.001"/>
  <testcase name="single STANDARD sale of 10,000 DKK → 2,500 DKK output VAT (PAYABLE)" classname="com.netcompany.vat.taxengine.VatReturnAssemblerTest" time="0.0"/>
  <testcase name="ZERO_RATED export → no output VAT, populates rubrikB services" classname="com.netcompany.vat.taxengine.VatReturnAssemblerTest" time="0.001"/>
  <testcase name="assembled return has correct jurisdiction code" classname="com.netcompany.vat.taxengine.VatReturnAssemblerTest" time="0.001"/>
  <testcase name="returns PeriodAlreadyFiled error when period is not OPEN" classname="com.netcompany.vat.taxengine.VatReturnAssemblerTest" time="0.001"/>
  <testcase name="single REVERSE_CHARGE purchase → self-assessed output and input cancel out (net zero)" classname="com.netcompany.vat.taxengine.VatReturnAssemblerTest" time="0.0"/>
  <testcase name="mixed: standard sale + reverse charge → correct totals (MCP cross-check scenario)" classname="com.netcompany.vat.taxengine.VatReturnAssemblerTest" time="0.004"/>
  <system-out><![CDATA[]]></system-out>
  <system-err><![CDATA[]]></system-err>
</testsuite>
