<?xml version="1.0" encoding="UTF-8"?>
<testsuite name="ExemptionClassifier" tests="6" skipped="0" failures="0" errors="0" timestamp="2026-02-24T20:54:15" hostname="PF3LW397" time="0.044">
  <properties/>
  <testcase name="effective date is set from transaction date, not classification date" classname="com.netcompany.vat.taxengine.ExemptionClassifierTest" time="0.033"/>
  <testcase name="OUT_OF_SCOPE (wages, dividends) → rate -1, isReverseCharge false" classname="com.netcompany.vat.taxengine.ExemptionClassifierTest" time="0.002"/>
  <testcase name="STANDARD → rate 2500, isReverseCharge false" classname="com.netcompany.vat.taxengine.ExemptionClassifierTest" time="0.001"/>
  <testcase name="REVERSE_CHARGE (cross-border B2B service) → rate 2500, isReverseCharge true" classname="com.netcompany.vat.taxengine.ExemptionClassifierTest" time="0.001"/>
  <testcase name="EXEMPT (e.g. medical services ML §13(1)(1)) → rate -1, isReverseCharge false" classname="com.netcompany.vat.taxengine.ExemptionClassifierTest" time="0.001"/>
  <testcase name="ZERO_RATED → rate 0, isReverseCharge false" classname="com.netcompany.vat.taxengine.ExemptionClassifierTest" time="0.001"/>
  <system-out><![CDATA[]]></system-out>
  <system-err><![CDATA[]]></system-err>
</testsuite>
