<?xml version="1.0" encoding="UTF-8"?>
<testsuite name="FilingPeriodCalculator" tests="14" skipped="0" failures="0" errors="0" timestamp="2026-02-24T20:54:15" hostname="PF3LW397" time="0.024">
  <properties/>
  <testcase name="turnover below 5M DKK → SEMI_ANNUAL (halvårlig)" classname="com.netcompany.vat.taxengine.FilingPeriodCalculatorTest" time="0.002"/>
  <testcase name="before deadline and OPEN → not overdue" classname="com.netcompany.vat.taxengine.FilingPeriodCalculatorTest" time="0.005"/>
  <testcase name="H1 semi-annual (Jan–Jun) deadline → September 1 (1st of 3rd month after period end)" classname="com.netcompany.vat.taxengine.FilingPeriodCalculatorTest" time="0.001"/>
  <testcase name="turnover above 50M DKK → MONTHLY" classname="com.netcompany.vat.taxengine.FilingPeriodCalculatorTest" time="0.001"/>
  <testcase name="turnover 25M DKK → QUARTERLY" classname="com.netcompany.vat.taxengine.FilingPeriodCalculatorTest" time="0.001"/>
  <testcase name="January monthly period deadline → February 25 (25th of following month)" classname="com.netcompany.vat.taxengine.FilingPeriodCalculatorTest" time="0.001"/>
  <testcase name="Q2 (Apr–Jun) quarterly deadline → September 1 (1st of 3rd month after period end)" classname="com.netcompany.vat.taxengine.FilingPeriodCalculatorTest" time="0.0"/>
  <testcase name="on the deadline date → not overdue (deadline is inclusive)" classname="com.netcompany.vat.taxengine.FilingPeriodCalculatorTest" time="0.001"/>
  <testcase name="turnover exactly at 5M DKK boundary → QUARTERLY (5M is quarterly threshold)" classname="com.netcompany.vat.taxengine.FilingPeriodCalculatorTest" time="0.0"/>
  <testcase name="turnover exactly at 50M DKK boundary → QUARTERLY (50M is monthly threshold)" classname="com.netcompany.vat.taxengine.FilingPeriodCalculatorTest" time="0.001"/>
  <testcase name="Q1 (Jan–Mar) quarterly deadline → June 1 (1st of 3rd month after period end)" classname="com.netcompany.vat.taxengine.FilingPeriodCalculatorTest" time="0.001"/>
  <testcase name="after deadline and OPEN → overdue" classname="com.netcompany.vat.taxengine.FilingPeriodCalculatorTest" time="0.001"/>
  <testcase name="after deadline but already FILED → not overdue" classname="com.netcompany.vat.taxengine.FilingPeriodCalculatorTest" time="0.0"/>
  <testcase name="after deadline but ASSESSED → not overdue (already processed)" classname="com.netcompany.vat.taxengine.FilingPeriodCalculatorTest" time="0.0"/>
  <system-out><![CDATA[]]></system-out>
  <system-err><![CDATA[]]></system-err>
</testsuite>
