<?xml version="1.0" encoding="UTF-8"?>
<testsuite name="ReverseChargeEngine" tests="11" skipped="0" failures="0" errors="0" timestamp="2026-02-24T20:54:15" hostname="PF3LW397" time="0.03">
  <properties/>
  <testcase name="returns false for STANDARD classified transaction" classname="com.netcompany.vat.taxengine.ReverseChargeEngineTest" time="0.002"/>
  <testcase name="MissingVatNumber error contains the counterparty ID" classname="com.netcompany.vat.taxengine.ReverseChargeEngineTest" time="0.001"/>
  <testcase name="returns MissingVatNumber when VAT number is blank" classname="com.netcompany.vat.taxengine.ReverseChargeEngineTest" time="0.001"/>
  <testcase name="returns Ok when counterparty has a valid VAT number" classname="com.netcompany.vat.taxengine.ReverseChargeEngineTest" time="0.008"/>
  <testcase name="net VAT impact is zero for fully deductible reverse charge" classname="com.netcompany.vat.taxengine.ReverseChargeEngineTest" time="0.002"/>
  <testcase name="returns false for EXEMPT classified transaction" classname="com.netcompany.vat.taxengine.ReverseChargeEngineTest" time="0.001"/>
  <testcase name="returns MissingVatNumber when VAT number is null" classname="com.netcompany.vat.taxengine.ReverseChargeEngineTest" time="0.001"/>
  <testcase name="truncates toward zero on fractional reverse charge amounts" classname="com.netcompany.vat.taxengine.ReverseChargeEngineTest" time="0.001"/>
  <testcase name="applies 25% self-assessment to 10,000 DKK cross-border service" classname="com.netcompany.vat.taxengine.ReverseChargeEngineTest" time="0.001"/>
  <testcase name="returns InvalidTransaction error for non-REVERSE_CHARGE transaction" classname="com.netcompany.vat.taxengine.ReverseChargeEngineTest" time="0.007"/>
  <testcase name="returns true for REVERSE_CHARGE classified transaction" classname="com.netcompany.vat.taxengine.ReverseChargeEngineTest" time="0.001"/>
  <system-out><![CDATA[]]></system-out>
  <system-err><![CDATA[]]></system-err>
</testsuite>
