<?xml version="1.0" encoding="UTF-8"?>
<testsuite name="VatCalculator" tests="16" skipped="0" failures="0" errors="0" timestamp="2026-02-24T20:54:15" hostname="PF3LW397" time="0.016">
  <properties/>
  <testcase name="zero net VAT → Zero (nulindberetning)" classname="com.netcompany.vat.taxengine.VatCalculatorTest" time="0.001"/>
  <testcase name="25% pro-rata deduction (restaurant meals rule)" classname="com.netcompany.vat.taxengine.VatCalculatorTest" time="0.001"/>
  <testcase name="large invoice (1M DKK) calculates correctly" classname="com.netcompany.vat.taxengine.VatCalculatorTest" time="0.001"/>
  <testcase name="net VAT is negative when input exceeds output (refund scenario)" classname="com.netcompany.vat.taxengine.VatCalculatorTest" time="0.001"/>
  <testcase name="zero base amount produces zero VAT regardless of rate" classname="com.netcompany.vat.taxengine.VatCalculatorTest" time="0.001"/>
  <testcase name="0% rate produces zero output VAT" classname="com.netcompany.vat.taxengine.VatCalculatorTest" time="0.0"/>
  <testcase name="100% deduction returns full input VAT" classname="com.netcompany.vat.taxengine.VatCalculatorTest" time="0.0"/>
  <testcase name="70% pro-rata for mixed-use business (70% taxable activity)" classname="com.netcompany.vat.taxengine.VatCalculatorTest" time="0.001"/>
  <testcase name="net VAT is zero when output equals input" classname="com.netcompany.vat.taxengine.VatCalculatorTest" time="0.0"/>
  <testcase name="round-trip: calculate net then determine result — payable scenario" classname="com.netcompany.vat.taxengine.VatCalculatorTest" time="0.001"/>
  <testcase name="zero deduction rate blocks all input VAT recovery" classname="com.netcompany.vat.taxengine.VatCalculatorTest" time="0.001"/>
  <testcase name="negative net VAT → Claimable (absolute value stored)" classname="com.netcompany.vat.taxengine.VatCalculatorTest" time="0.001"/>
  <testcase name="net VAT is positive when output exceeds input" classname="com.netcompany.vat.taxengine.VatCalculatorTest" time="0.001"/>
  <testcase name="25% on 10,000 DKK = 2,500 DKK output VAT" classname="com.netcompany.vat.taxengine.VatCalculatorTest" time="0.001"/>
  <testcase name="truncates toward zero — never rounds up (in favour of taxpayer)" classname="com.netcompany.vat.taxengine.VatCalculatorTest" time="0.0"/>
  <testcase name="positive net VAT → Payable" classname="com.netcompany.vat.taxengine.VatCalculatorTest" time="0.0"/>
  <system-out><![CDATA[]]></system-out>
  <system-err><![CDATA[]]></system-err>
</testsuite>
