<?xml version="1.0" encoding="UTF-8"?>
<testsuite name="RateResolver" tests="9" skipped="0" failures="0" errors="0" timestamp="2026-02-24T20:54:15" hostname="PF3LW397" time="0.011">
  <properties/>
  <testcase name="resolves DK exempt as -1 (not applicable) — not an error" classname="com.netcompany.vat.taxengine.RateResolverTest" time="0.0"/>
  <testcase name="resolves DK zero rate as 0 basis points" classname="com.netcompany.vat.taxengine.RateResolverTest" time="0.001"/>
  <testcase name="string overload resolves 'STANDARD' case-insensitively" classname="com.netcompany.vat.taxengine.RateResolverTest" time="0.001"/>
  <testcase name="resolves DK standard rate as 2500 basis points (25%)" classname="com.netcompany.vat.taxengine.RateResolverTest" time="0.0"/>
  <testcase name="map() chains rate into a VAT calculation" classname="com.netcompany.vat.taxengine.RateResolverTest" time="0.002"/>
  <testcase name="resolves DK reverse charge rate as 2500 basis points (self-assessed at standard rate)" classname="com.netcompany.vat.taxengine.RateResolverTest" time="0.0"/>
  <testcase name="future effective date resolves rate (plugin has static schedule)" classname="com.netcompany.vat.taxengine.RateResolverTest" time="0.0"/>
  <testcase name="returns UnknownTaxCode error for unrecognised string code" classname="com.netcompany.vat.taxengine.RateResolverTest" time="0.001"/>
  <testcase name="resolves DK out-of-scope as -1 (not applicable)" classname="com.netcompany.vat.taxengine.RateResolverTest" time="0.0"/>
  <system-out><![CDATA[]]></system-out>
  <system-err><![CDATA[]]></system-err>
</testsuite>
